{"/var/www/test_gid_msk_usr/data/www/test.gid-msk.ru/frontend-project-46/src/genTree.js": {"path":"/var/www/test_gid_msk_usr/data/www/test.gid-msk.ru/frontend-project-46/src/genTree.js","statementMap":{"0":{"start":{"line":3,"column":16},"end":{"line":54,"column":1}},"1":{"start":{"line":4,"column":15},"end":{"line":50,"column":3}},"2":{"start":{"line":5,"column":18},"end":{"line":5,"column":36}},"3":{"start":{"line":6,"column":18},"end":{"line":6,"column":36}},"4":{"start":{"line":7,"column":17},"end":{"line":7,"column":38}},"5":{"start":{"line":8,"column":4},"end":{"line":8,"column":16}},"6":{"start":{"line":10,"column":19},"end":{"line":48,"column":6}},"7":{"start":{"line":11,"column":6},"end":{"line":17,"column":7}},"8":{"start":{"line":12,"column":8},"end":{"line":16,"column":10}},"9":{"start":{"line":19,"column":6},"end":{"line":25,"column":7}},"10":{"start":{"line":20,"column":8},"end":{"line":24,"column":10}},"11":{"start":{"line":27,"column":6},"end":{"line":33,"column":7}},"12":{"start":{"line":28,"column":8},"end":{"line":32,"column":10}},"13":{"start":{"line":35,"column":6},"end":{"line":41,"column":7}},"14":{"start":{"line":36,"column":8},"end":{"line":40,"column":10}},"15":{"start":{"line":43,"column":6},"end":{"line":47,"column":8}},"16":{"start":{"line":49,"column":4},"end":{"line":49,"column":18}},"17":{"start":{"line":52,"column":21},"end":{"line":52,"column":43}},"18":{"start":{"line":53,"column":2},"end":{"line":53,"column":20}}},"fnMap":{"0":{"name":"(anonymous_0)","decl":{"start":{"line":3,"column":16},"end":{"line":3,"column":17}},"loc":{"start":{"line":3,"column":38},"end":{"line":54,"column":1}},"line":3},"1":{"name":"(anonymous_1)","decl":{"start":{"line":4,"column":15},"end":{"line":4,"column":16}},"loc":{"start":{"line":4,"column":33},"end":{"line":50,"column":3}},"line":4},"2":{"name":"(anonymous_2)","decl":{"start":{"line":10,"column":28},"end":{"line":10,"column":29}},"loc":{"start":{"line":10,"column":37},"end":{"line":48,"column":5}},"line":10}},"branchMap":{"0":{"loc":{"start":{"line":11,"column":6},"end":{"line":17,"column":7}},"type":"if","locations":[{"start":{"line":11,"column":6},"end":{"line":17,"column":7}},{"start":{},"end":{}}],"line":11},"1":{"loc":{"start":{"line":11,"column":10},"end":{"line":11,"column":72}},"type":"binary-expr","locations":[{"start":{"line":11,"column":10},"end":{"line":11,"column":39}},{"start":{"line":11,"column":43},"end":{"line":11,"column":72}}],"line":11},"2":{"loc":{"start":{"line":19,"column":6},"end":{"line":25,"column":7}},"type":"if","locations":[{"start":{"line":19,"column":6},"end":{"line":25,"column":7}},{"start":{},"end":{}}],"line":19},"3":{"loc":{"start":{"line":27,"column":6},"end":{"line":33,"column":7}},"type":"if","locations":[{"start":{"line":27,"column":6},"end":{"line":33,"column":7}},{"start":{},"end":{}}],"line":27},"4":{"loc":{"start":{"line":35,"column":6},"end":{"line":41,"column":7}},"type":"if","locations":[{"start":{"line":35,"column":6},"end":{"line":41,"column":7}},{"start":{},"end":{}}],"line":35}},"s":{"0":1,"1":1,"2":5,"3":5,"4":5,"5":5,"6":5,"7":18,"8":4,"9":14,"10":2,"11":12,"12":5,"13":7,"14":4,"15":3,"16":5,"17":1,"18":1},"f":{"0":1,"1":5,"2":18},"b":{"0":[4,14],"1":[18,6],"2":[2,12],"3":[5,7],"4":[4,3]},"_coverageSchema":"1a1c01bbd47fc00a2c39e90264f33305004495a9","hash":"08bf7d47d235fd36e46bb0aa14d5a5204aa6e93c"}
,"/var/www/test_gid_msk_usr/data/www/test.gid-msk.ru/frontend-project-46/src/index.js": {"path":"/var/www/test_gid_msk_usr/data/www/test.gid-msk.ru/frontend-project-46/src/index.js","statementMap":{"0":{"start":{"line":6,"column":16},"end":{"line":6,"column":28}},"1":{"start":{"line":7,"column":16},"end":{"line":7,"column":28}},"2":{"start":{"line":9,"column":17},"end":{"line":9,"column":38}},"3":{"start":{"line":10,"column":19},"end":{"line":10,"column":43}},"4":{"start":{"line":11,"column":2},"end":{"line":11,"column":18}}},"fnMap":{"0":{"name":"(anonymous_0)","decl":{"start":{"line":5,"column":15},"end":{"line":5,"column":16}},"loc":{"start":{"line":5,"column":53},"end":{"line":12,"column":1}},"line":5}},"branchMap":{"0":{"loc":{"start":{"line":5,"column":30},"end":{"line":5,"column":48}},"type":"default-arg","locations":[{"start":{"line":5,"column":39},"end":{"line":5,"column":48}}],"line":5}},"s":{"0":1,"1":1,"2":1,"3":1,"4":1},"f":{"0":1},"b":{"0":[1]},"_coverageSchema":"1a1c01bbd47fc00a2c39e90264f33305004495a9","hash":"38409e7cd12e0d7b2b4e0584b3f44855bd2a910d"}
,"/var/www/test_gid_msk_usr/data/www/test.gid-msk.ru/frontend-project-46/src/formats/Formater.js": {"path":"/var/www/test_gid_msk_usr/data/www/test.gid-msk.ru/frontend-project-46/src/formats/Formater.js","statementMap":{"0":{"start":{"line":4,"column":17},"end":{"line":15,"column":1}},"1":{"start":{"line":5,"column":2},"end":{"line":7,"column":3}},"2":{"start":{"line":6,"column":4},"end":{"line":6,"column":25}},"3":{"start":{"line":8,"column":2},"end":{"line":10,"column":3}},"4":{"start":{"line":9,"column":4},"end":{"line":9,"column":23}},"5":{"start":{"line":11,"column":2},"end":{"line":13,"column":3}},"6":{"start":{"line":12,"column":4},"end":{"line":12,"column":40}},"7":{"start":{"line":14,"column":2},"end":{"line":14,"column":12}}},"fnMap":{"0":{"name":"(anonymous_0)","decl":{"start":{"line":4,"column":17},"end":{"line":4,"column":18}},"loc":{"start":{"line":4,"column":35},"end":{"line":15,"column":1}},"line":4}},"branchMap":{"0":{"loc":{"start":{"line":5,"column":2},"end":{"line":7,"column":3}},"type":"if","locations":[{"start":{"line":5,"column":2},"end":{"line":7,"column":3}},{"start":{},"end":{}}],"line":5},"1":{"loc":{"start":{"line":8,"column":2},"end":{"line":10,"column":3}},"type":"if","locations":[{"start":{"line":8,"column":2},"end":{"line":10,"column":3}},{"start":{},"end":{}}],"line":8},"2":{"loc":{"start":{"line":11,"column":2},"end":{"line":13,"column":3}},"type":"if","locations":[{"start":{"line":11,"column":2},"end":{"line":13,"column":3}},{"start":{},"end":{}}],"line":11}},"s":{"0":1,"1":1,"2":1,"3":0,"4":0,"5":0,"6":0,"7":0},"f":{"0":1},"b":{"0":[1,0],"1":[0,0],"2":[0,0]},"_coverageSchema":"1a1c01bbd47fc00a2c39e90264f33305004495a9","hash":"d05a950f74a9d264f52ca29e85a3e12a42c37406"}
,"/var/www/test_gid_msk_usr/data/www/test.gid-msk.ru/frontend-project-46/src/formats/formaters/Plain.js": {"path":"/var/www/test_gid_msk_usr/data/www/test.gid-msk.ru/frontend-project-46/src/formats/formaters/Plain.js","statementMap":{"0":{"start":{"line":4,"column":17},"end":{"line":4,"column":19}},"1":{"start":{"line":5,"column":15},"end":{"line":48,"column":3}},"2":{"start":{"line":6,"column":4},"end":{"line":8,"column":5}},"3":{"start":{"line":7,"column":6},"end":{"line":7,"column":18}},"4":{"start":{"line":9,"column":30},"end":{"line":14,"column":5}},"5":{"start":{"line":10,"column":6},"end":{"line":12,"column":7}},"6":{"start":{"line":11,"column":8},"end":{"line":11,"column":33}},"7":{"start":{"line":13,"column":6},"end":{"line":13,"column":25}},"8":{"start":{"line":15,"column":19},"end":{"line":45,"column":6}},"9":{"start":{"line":16,"column":35},"end":{"line":16,"column":39}},"10":{"start":{"line":18,"column":6},"end":{"line":22,"column":7}},"11":{"start":{"line":19,"column":8},"end":{"line":19,"column":23}},"12":{"start":{"line":20,"column":8},"end":{"line":20,"column":33}},"13":{"start":{"line":21,"column":8},"end":{"line":21,"column":37}},"14":{"start":{"line":24,"column":6},"end":{"line":29,"column":7}},"15":{"start":{"line":25,"column":8},"end":{"line":25,"column":23}},"16":{"start":{"line":26,"column":21},"end":{"line":26,"column":35}},"17":{"start":{"line":27,"column":8},"end":{"line":27,"column":124}},"18":{"start":{"line":28,"column":8},"end":{"line":28,"column":37}},"19":{"start":{"line":31,"column":6},"end":{"line":36,"column":7}},"20":{"start":{"line":32,"column":8},"end":{"line":32,"column":23}},"21":{"start":{"line":33,"column":21},"end":{"line":33,"column":35}},"22":{"start":{"line":34,"column":8},"end":{"line":34,"column":53}},"23":{"start":{"line":35,"column":8},"end":{"line":35,"column":37}},"24":{"start":{"line":38,"column":6},"end":{"line":43,"column":7}},"25":{"start":{"line":39,"column":8},"end":{"line":39,"column":23}},"26":{"start":{"line":40,"column":21},"end":{"line":40,"column":35}},"27":{"start":{"line":41,"column":8},"end":{"line":41,"column":92}},"28":{"start":{"line":42,"column":8},"end":{"line":42,"column":37}},"29":{"start":{"line":44,"column":6},"end":{"line":44,"column":16}},"30":{"start":{"line":47,"column":4},"end":{"line":47,"column":18}},"31":{"start":{"line":50,"column":2},"end":{"line":50,"column":21}},"32":{"start":{"line":52,"column":2},"end":{"line":52,"column":27}}},"fnMap":{"0":{"name":"(anonymous_0)","decl":{"start":{"line":3,"column":15},"end":{"line":3,"column":16}},"loc":{"start":{"line":3,"column":25},"end":{"line":53,"column":1}},"line":3},"1":{"name":"(anonymous_1)","decl":{"start":{"line":5,"column":15},"end":{"line":5,"column":16}},"loc":{"start":{"line":5,"column":43},"end":{"line":48,"column":3}},"line":5},"2":{"name":"(anonymous_2)","decl":{"start":{"line":9,"column":30},"end":{"line":9,"column":31}},"loc":{"start":{"line":9,"column":40},"end":{"line":14,"column":5}},"line":9},"3":{"name":"(anonymous_3)","decl":{"start":{"line":15,"column":28},"end":{"line":15,"column":29}},"loc":{"start":{"line":15,"column":38},"end":{"line":45,"column":5}},"line":15}},"branchMap":{"0":{"loc":{"start":{"line":5,"column":29},"end":{"line":5,"column":38}},"type":"default-arg","locations":[{"start":{"line":5,"column":36},"end":{"line":5,"column":38}}],"line":5},"1":{"loc":{"start":{"line":6,"column":4},"end":{"line":8,"column":5}},"type":"if","locations":[{"start":{"line":6,"column":4},"end":{"line":8,"column":5}},{"start":{},"end":{}}],"line":6},"2":{"loc":{"start":{"line":6,"column":8},"end":{"line":6,"column":54}},"type":"binary-expr","locations":[{"start":{"line":6,"column":8},"end":{"line":6,"column":28}},{"start":{"line":6,"column":32},"end":{"line":6,"column":54}}],"line":6},"3":{"loc":{"start":{"line":10,"column":6},"end":{"line":12,"column":7}},"type":"if","locations":[{"start":{"line":10,"column":6},"end":{"line":12,"column":7}},{"start":{},"end":{}}],"line":10},"4":{"loc":{"start":{"line":18,"column":6},"end":{"line":22,"column":7}},"type":"if","locations":[{"start":{"line":18,"column":6},"end":{"line":22,"column":7}},{"start":{},"end":{}}],"line":18},"5":{"loc":{"start":{"line":24,"column":6},"end":{"line":29,"column":7}},"type":"if","locations":[{"start":{"line":24,"column":6},"end":{"line":29,"column":7}},{"start":{},"end":{}}],"line":24},"6":{"loc":{"start":{"line":31,"column":6},"end":{"line":36,"column":7}},"type":"if","locations":[{"start":{"line":31,"column":6},"end":{"line":36,"column":7}},{"start":{},"end":{}}],"line":31},"7":{"loc":{"start":{"line":38,"column":6},"end":{"line":43,"column":7}},"type":"if","locations":[{"start":{"line":38,"column":6},"end":{"line":43,"column":7}},{"start":{},"end":{}}],"line":38}},"s":{"0":0,"1":0,"2":0,"3":0,"4":0,"5":0,"6":0,"7":0,"8":0,"9":0,"10":0,"11":0,"12":0,"13":0,"14":0,"15":0,"16":0,"17":0,"18":0,"19":0,"20":0,"21":0,"22":0,"23":0,"24":0,"25":0,"26":0,"27":0,"28":0,"29":0,"30":0,"31":0,"32":0},"f":{"0":0,"1":0,"2":0,"3":0},"b":{"0":[0],"1":[0,0],"2":[0,0],"3":[0,0],"4":[0,0],"5":[0,0],"6":[0,0],"7":[0,0]},"_coverageSchema":"1a1c01bbd47fc00a2c39e90264f33305004495a9","hash":"00dd07177c8d1eb0f626bf37c9812ef7873e9c85"}
,"/var/www/test_gid_msk_usr/data/www/test.gid-msk.ru/frontend-project-46/src/formats/formaters/Stylish.js": {"path":"/var/www/test_gid_msk_usr/data/www/test.gid-msk.ru/frontend-project-46/src/formats/formaters/Stylish.js","statementMap":{"0":{"start":{"line":4,"column":20},"end":{"line":12,"column":3}},"1":{"start":{"line":5,"column":21},"end":{"line":9,"column":5}},"2":{"start":{"line":11,"column":4},"end":{"line":11,"column":46}},"3":{"start":{"line":14,"column":19},"end":{"line":14,"column":64}},"4":{"start":{"line":14,"column":30},"end":{"line":14,"column":64}},"5":{"start":{"line":16,"column":25},"end":{"line":28,"column":3}},"6":{"start":{"line":17,"column":4},"end":{"line":19,"column":5}},"7":{"start":{"line":18,"column":6},"end":{"line":18,"column":18}},"8":{"start":{"line":21,"column":4},"end":{"line":27,"column":45}},"9":{"start":{"line":23,"column":22},"end":{"line":23,"column":99}},"10":{"start":{"line":25,"column":8},"end":{"line":25,"column":56}},"11":{"start":{"line":29,"column":15},"end":{"line":50,"column":3}},"12":{"start":{"line":30,"column":19},"end":{"line":48,"column":6}},"13":{"start":{"line":31,"column":35},"end":{"line":31,"column":39}},"14":{"start":{"line":32,"column":21},"end":{"line":32,"column":36}},"15":{"start":{"line":34,"column":6},"end":{"line":38,"column":7}},"16":{"start":{"line":35,"column":8},"end":{"line":37,"column":13}},"17":{"start":{"line":40,"column":6},"end":{"line":46,"column":7}},"18":{"start":{"line":41,"column":41},"end":{"line":41,"column":46}},"19":{"start":{"line":42,"column":8},"end":{"line":45,"column":96}},"20":{"start":{"line":47,"column":6},"end":{"line":47,"column":82}},"21":{"start":{"line":49,"column":4},"end":{"line":49,"column":29}},"22":{"start":{"line":51,"column":2},"end":{"line":51,"column":31}}},"fnMap":{"0":{"name":"(anonymous_0)","decl":{"start":{"line":3,"column":15},"end":{"line":3,"column":16}},"loc":{"start":{"line":3,"column":25},"end":{"line":52,"column":1}},"line":3},"1":{"name":"(anonymous_1)","decl":{"start":{"line":4,"column":20},"end":{"line":4,"column":21}},"loc":{"start":{"line":4,"column":30},"end":{"line":12,"column":3}},"line":4},"2":{"name":"(anonymous_2)","decl":{"start":{"line":14,"column":19},"end":{"line":14,"column":20}},"loc":{"start":{"line":14,"column":30},"end":{"line":14,"column":64}},"line":14},"3":{"name":"(anonymous_3)","decl":{"start":{"line":16,"column":25},"end":{"line":16,"column":26}},"loc":{"start":{"line":16,"column":42},"end":{"line":28,"column":3}},"line":16},"4":{"name":"(anonymous_4)","decl":{"start":{"line":22,"column":11},"end":{"line":22,"column":12}},"loc":{"start":{"line":22,"column":20},"end":{"line":26,"column":7}},"line":22},"5":{"name":"(anonymous_5)","decl":{"start":{"line":29,"column":15},"end":{"line":29,"column":16}},"loc":{"start":{"line":29,"column":37},"end":{"line":50,"column":3}},"line":29},"6":{"name":"(anonymous_6)","decl":{"start":{"line":30,"column":29},"end":{"line":30,"column":30}},"loc":{"start":{"line":30,"column":39},"end":{"line":48,"column":5}},"line":30}},"branchMap":{"0":{"loc":{"start":{"line":11,"column":11},"end":{"line":11,"column":45}},"type":"binary-expr","locations":[{"start":{"line":11,"column":11},"end":{"line":11,"column":25}},{"start":{"line":11,"column":29},"end":{"line":11,"column":45}}],"line":11},"1":{"loc":{"start":{"line":17,"column":4},"end":{"line":19,"column":5}},"type":"if","locations":[{"start":{"line":17,"column":4},"end":{"line":19,"column":5}},{"start":{},"end":{}}],"line":17},"2":{"loc":{"start":{"line":23,"column":22},"end":{"line":23,"column":99}},"type":"cond-expr","locations":[{"start":{"line":23,"column":51},"end":{"line":23,"column":87}},{"start":{"line":23,"column":90},"end":{"line":23,"column":99}}],"line":23},"3":{"loc":{"start":{"line":29,"column":23},"end":{"line":29,"column":32}},"type":"default-arg","locations":[{"start":{"line":29,"column":31},"end":{"line":29,"column":32}}],"line":29},"4":{"loc":{"start":{"line":34,"column":6},"end":{"line":38,"column":7}},"type":"if","locations":[{"start":{"line":34,"column":6},"end":{"line":38,"column":7}},{"start":{},"end":{}}],"line":34},"5":{"loc":{"start":{"line":40,"column":6},"end":{"line":46,"column":7}},"type":"if","locations":[{"start":{"line":40,"column":6},"end":{"line":46,"column":7}},{"start":{},"end":{}}],"line":40}},"s":{"0":1,"1":68,"2":68,"3":1,"4":42,"5":1,"6":21,"7":14,"8":7,"9":9,"10":9,"11":1,"12":5,"13":18,"14":18,"15":18,"16":4,"17":14,"18":4,"19":4,"20":10,"21":5,"22":1},"f":{"0":1,"1":68,"2":42,"3":21,"4":9,"5":5,"6":18},"b":{"0":[68,13],"1":[14,7],"2":[3,6],"3":[1],"4":[4,14],"5":[4,10]},"_coverageSchema":"1a1c01bbd47fc00a2c39e90264f33305004495a9","hash":"613f92f31107132dad36d78939089a5408654a86"}
,"/var/www/test_gid_msk_usr/data/www/test.gid-msk.ru/frontend-project-46/src/parsers/Parsers.js": {"path":"/var/www/test_gid_msk_usr/data/www/test.gid-msk.ru/frontend-project-46/src/parsers/Parsers.js","statementMap":{"0":{"start":{"line":5,"column":17},"end":{"line":5,"column":71}},"1":{"start":{"line":5,"column":27},"end":{"line":5,"column":71}},"2":{"start":{"line":8,"column":15},"end":{"line":8,"column":37}},"3":{"start":{"line":9,"column":18},"end":{"line":9,"column":32}},"4":{"start":{"line":11,"column":2},"end":{"line":13,"column":3}},"5":{"start":{"line":12,"column":4},"end":{"line":12,"column":31}},"6":{"start":{"line":14,"column":2},"end":{"line":20,"column":3}},"7":{"start":{"line":15,"column":4},"end":{"line":19,"column":5}},"8":{"start":{"line":16,"column":6},"end":{"line":16,"column":32}},"9":{"start":{"line":18,"column":6},"end":{"line":18,"column":21}},"10":{"start":{"line":22,"column":2},"end":{"line":22,"column":55}}},"fnMap":{"0":{"name":"(anonymous_0)","decl":{"start":{"line":5,"column":17},"end":{"line":5,"column":18}},"loc":{"start":{"line":5,"column":27},"end":{"line":5,"column":71}},"line":5},"1":{"name":"(anonymous_1)","decl":{"start":{"line":7,"column":15},"end":{"line":7,"column":16}},"loc":{"start":{"line":7,"column":25},"end":{"line":23,"column":1}},"line":7}},"branchMap":{"0":{"loc":{"start":{"line":11,"column":2},"end":{"line":13,"column":3}},"type":"if","locations":[{"start":{"line":11,"column":2},"end":{"line":13,"column":3}},{"start":{},"end":{}}],"line":11},"1":{"loc":{"start":{"line":14,"column":2},"end":{"line":20,"column":3}},"type":"if","locations":[{"start":{"line":14,"column":2},"end":{"line":20,"column":3}},{"start":{},"end":{}}],"line":14},"2":{"loc":{"start":{"line":14,"column":6},"end":{"line":14,"column":39}},"type":"binary-expr","locations":[{"start":{"line":14,"column":6},"end":{"line":14,"column":20}},{"start":{"line":14,"column":24},"end":{"line":14,"column":39}}],"line":14}},"s":{"0":1,"1":2,"2":2,"3":2,"4":2,"5":2,"6":0,"7":0,"8":0,"9":0,"10":0},"f":{"0":2,"1":2},"b":{"0":[2,0],"1":[0,0],"2":[0,0]},"_coverageSchema":"1a1c01bbd47fc00a2c39e90264f33305004495a9","hash":"bc120b7c1eb47293a832986a2a47e2b228fbfe20"}
}
