{"total": {"lines":{"total":97,"covered":54,"skipped":0,"pct":55.67},"statements":{"total":99,"covered":56,"skipped":0,"pct":56.56},"functions":{"total":18,"covered":14,"skipped":0,"pct":77.77},"branches":{"total":49,"covered":24,"skipped":0,"pct":48.97},"branchesTrue":{"total":0,"covered":0,"skipped":0,"pct":100}}
,"/var/www/test_gid_msk_usr/data/www/test.gid-msk.ru/frontend-project-46/src/genTree.js": {"lines":{"total":19,"covered":19,"skipped":0,"pct":100},"functions":{"total":3,"covered":3,"skipped":0,"pct":100},"statements":{"total":19,"covered":19,"skipped":0,"pct":100},"branches":{"total":10,"covered":10,"skipped":0,"pct":100}}
,"/var/www/test_gid_msk_usr/data/www/test.gid-msk.ru/frontend-project-46/src/index.js": {"lines":{"total":5,"covered":5,"skipped":0,"pct":100},"functions":{"total":1,"covered":1,"skipped":0,"pct":100},"statements":{"total":5,"covered":5,"skipped":0,"pct":100},"branches":{"total":1,"covered":1,"skipped":0,"pct":100}}
,"/var/www/test_gid_msk_usr/data/www/test.gid-msk.ru/frontend-project-46/src/formats/Formater.js": {"lines":{"total":8,"covered":3,"skipped":0,"pct":37.5},"functions":{"total":1,"covered":1,"skipped":0,"pct":100},"statements":{"total":8,"covered":3,"skipped":0,"pct":37.5},"branches":{"total":6,"covered":1,"skipped":0,"pct":16.66}}
,"/var/www/test_gid_msk_usr/data/www/test.gid-msk.ru/frontend-project-46/src/formats/formaters/Plain.js": {"lines":{"total":33,"covered":0,"skipped":0,"pct":0},"functions":{"total":4,"covered":0,"skipped":0,"pct":0},"statements":{"total":33,"covered":0,"skipped":0,"pct":0},"branches":{"total":15,"covered":0,"skipped":0,"pct":0}}
,"/var/www/test_gid_msk_usr/data/www/test.gid-msk.ru/frontend-project-46/src/formats/formaters/Stylish.js": {"lines":{"total":22,"covered":22,"skipped":0,"pct":100},"functions":{"total":7,"covered":7,"skipped":0,"pct":100},"statements":{"total":23,"covered":23,"skipped":0,"pct":100},"branches":{"total":11,"covered":11,"skipped":0,"pct":100}}
,"/var/www/test_gid_msk_usr/data/www/test.gid-msk.ru/frontend-project-46/src/parsers/Parsers.js": {"lines":{"total":10,"covered":5,"skipped":0,"pct":50},"functions":{"total":2,"covered":2,"skipped":0,"pct":100},"statements":{"total":11,"covered":6,"skipped":0,"pct":54.54},"branches":{"total":6,"covered":1,"skipped":0,"pct":16.66}}
}
