TN:
SF:src/genTree.js
FN:3,(anonymous_0)
FN:4,(anonymous_1)
FN:10,(anonymous_2)
FNF:3
FNH:3
FNDA:1,(anonymous_0)
FNDA:5,(anonymous_1)
FNDA:18,(anonymous_2)
DA:3,1
DA:4,1
DA:5,5
DA:6,5
DA:7,5
DA:8,5
DA:10,5
DA:11,18
DA:12,4
DA:19,14
DA:20,2
DA:27,12
DA:28,5
DA:35,7
DA:36,4
DA:43,3
DA:49,5
DA:52,1
DA:53,1
LF:19
LH:19
BRDA:11,0,0,4
BRDA:11,0,1,14
BRDA:11,1,0,18
BRDA:11,1,1,6
BRDA:19,2,0,2
BRDA:19,2,1,12
BRDA:27,3,0,5
BRDA:27,3,1,7
BRDA:35,4,0,4
BRDA:35,4,1,3
BRF:10
BRH:10
end_of_record
TN:
SF:src/index.js
FN:5,(anonymous_0)
FNF:1
FNH:1
FNDA:1,(anonymous_0)
DA:6,1
DA:7,1
DA:9,1
DA:10,1
DA:11,1
LF:5
LH:5
BRDA:5,0,0,1
BRF:1
BRH:1
end_of_record
TN:
SF:src/formats/Formater.js
FN:4,(anonymous_0)
FNF:1
FNH:1
FNDA:1,(anonymous_0)
DA:4,1
DA:5,1
DA:6,1
DA:8,0
DA:9,0
DA:11,0
DA:12,0
DA:14,0
LF:8
LH:3
BRDA:5,0,0,1
BRDA:5,0,1,0
BRDA:8,1,0,0
BRDA:8,1,1,0
BRDA:11,2,0,0
BRDA:11,2,1,0
BRF:6
BRH:1
end_of_record
TN:
SF:src/formats/formaters/Plain.js
FN:3,(anonymous_0)
FN:5,(anonymous_1)
FN:9,(anonymous_2)
FN:15,(anonymous_3)
FNF:4
FNH:0
FNDA:0,(anonymous_0)
FNDA:0,(anonymous_1)
FNDA:0,(anonymous_2)
FNDA:0,(anonymous_3)
DA:4,0
DA:5,0
DA:6,0
DA:7,0
DA:9,0
DA:10,0
DA:11,0
DA:13,0
DA:15,0
DA:16,0
DA:18,0
DA:19,0
DA:20,0
DA:21,0
DA:24,0
DA:25,0
DA:26,0
DA:27,0
DA:28,0
DA:31,0
DA:32,0
DA:33,0
DA:34,0
DA:35,0
DA:38,0
DA:39,0
DA:40,0
DA:41,0
DA:42,0
DA:44,0
DA:47,0
DA:50,0
DA:52,0
LF:33
LH:0
BRDA:5,0,0,0
BRDA:6,1,0,0
BRDA:6,1,1,0
BRDA:6,2,0,0
BRDA:6,2,1,0
BRDA:10,3,0,0
BRDA:10,3,1,0
BRDA:18,4,0,0
BRDA:18,4,1,0
BRDA:24,5,0,0
BRDA:24,5,1,0
BRDA:31,6,0,0
BRDA:31,6,1,0
BRDA:38,7,0,0
BRDA:38,7,1,0
BRF:15
BRH:0
end_of_record
TN:
SF:src/formats/formaters/Stylish.js
FN:3,(anonymous_0)
FN:4,(anonymous_1)
FN:14,(anonymous_2)
FN:16,(anonymous_3)
FN:22,(anonymous_4)
FN:29,(anonymous_5)
FN:30,(anonymous_6)
FNF:7
FNH:7
FNDA:1,(anonymous_0)
FNDA:68,(anonymous_1)
FNDA:42,(anonymous_2)
FNDA:21,(anonymous_3)
FNDA:9,(anonymous_4)
FNDA:5,(anonymous_5)
FNDA:18,(anonymous_6)
DA:4,1
DA:5,68
DA:11,68
DA:14,42
DA:16,1
DA:17,21
DA:18,14
DA:21,7
DA:23,9
DA:25,9
DA:29,1
DA:30,5
DA:31,18
DA:32,18
DA:34,18
DA:35,4
DA:40,14
DA:41,4
DA:42,4
DA:47,10
DA:49,5
DA:51,1
LF:22
LH:22
BRDA:11,0,0,68
BRDA:11,0,1,13
BRDA:17,1,0,14
BRDA:17,1,1,7
BRDA:23,2,0,3
BRDA:23,2,1,6
BRDA:29,3,0,1
BRDA:34,4,0,4
BRDA:34,4,1,14
BRDA:40,5,0,4
BRDA:40,5,1,10
BRF:11
BRH:11
end_of_record
TN:
SF:src/parsers/Parsers.js
FN:5,(anonymous_0)
FN:7,(anonymous_1)
FNF:2
FNH:2
FNDA:2,(anonymous_0)
FNDA:2,(anonymous_1)
DA:5,2
DA:8,2
DA:9,2
DA:11,2
DA:12,2
DA:14,0
DA:15,0
DA:16,0
DA:18,0
DA:22,0
LF:10
LH:5
BRDA:11,0,0,2
BRDA:11,0,1,0
BRDA:14,1,0,0
BRDA:14,1,1,0
BRDA:14,2,0,0
BRDA:14,2,1,0
BRF:6
BRH:1
end_of_record
